2024-02-02 19:53:53 0 [Note] Starting MariaDB 10.4.32-MariaDB source revision c4143f909528e3fab0677a28631d10389354c491 as process 11300
2024-02-02 19:53:53 0 [Note] InnoDB: Mutexes and rw_locks use Windows interlocked functions
2024-02-02 19:53:53 0 [Note] InnoDB: Uses event mutexes
2024-02-02 19:53:53 0 [Note] InnoDB: Compressed tables use zlib 1.3
2024-02-02 19:53:53 0 [Note] InnoDB: Number of pools: 1
2024-02-02 19:53:53 0 [Note] InnoDB: Using SSE2 crc32 instructions
2024-02-02 19:53:53 0 [Note] InnoDB: Initializing buffer pool, total size = 16M, instances = 1, chunk size = 16M
2024-02-02 19:53:53 0 [Note] InnoDB: Completed initialization of buffer pool
2024-02-02 19:53:53 0 [Note] InnoDB: Starting crash recovery from checkpoint LSN=300288
2024-02-02 19:53:53 0 [Note] InnoDB: 128 out of 128 rollback segments are active.
2024-02-02 19:53:53 0 [Note] InnoDB: Removed temporary tablespace data file: "ibtmp1"
2024-02-02 19:53:53 0 [Note] InnoDB: Creating shared tablespace for temporary tables
2024-02-02 19:53:53 0 [Note] InnoDB: Setting file 'C:\xampp\mysql\data\ibtmp1' size to 12 MB. Physically writing the file full; Please wait ...
2024-02-02 19:53:53 0 [Note] InnoDB: File 'C:\xampp\mysql\data\ibtmp1' size is now 12 MB.
2024-02-02 19:53:53 0 [Note] InnoDB: Waiting for purge to start
2024-02-02 19:53:53 0 [Note] InnoDB: 10.4.32 started; log sequence number 300297; transaction id 170
2024-02-02 19:53:53 0 [Note] InnoDB: Loading buffer pool(s) from C:\xampp\mysql\data\ib_buffer_pool
2024-02-02 19:53:53 0 [Note] Plugin 'FEEDBACK' is disabled.
2024-02-02 19:53:53 0 [Note] InnoDB: Buffer pool(s) load completed at 240202 19:53:53
2024-02-02 19:53:53 0 [Note] Server socket created on IP: '::'.
2024-02-19 10:11:22 0 [Note] Starting MariaDB 10.4.32-MariaDB source revision c4143f909528e3fab0677a28631d10389354c491 as process 5412
2024-02-19 10:11:22 0 [Note] InnoDB: Mutexes and rw_locks use Windows interlocked functions
2024-02-19 10:11:22 0 [Note] InnoDB: Uses event mutexes
2024-02-19 10:11:22 0 [Note] InnoDB: Compressed tables use zlib 1.3
2024-02-19 10:11:22 0 [Note] InnoDB: Number of pools: 1
2024-02-19 10:11:22 0 [Note] InnoDB: Using SSE2 crc32 instructions
2024-02-19 10:11:22 0 [Note] InnoDB: Initializing buffer pool, total size = 16M, instances = 1, chunk size = 16M
2024-02-19 10:11:22 0 [Note] InnoDB: Completed initialization of buffer pool
2024-02-19 10:11:22 0 [Note] InnoDB: Starting crash recovery from checkpoint LSN=324925
2024-02-19 10:11:22 0 [Note] InnoDB: 128 out of 128 rollback segments are active.
2024-02-19 10:11:22 0 [Note] InnoDB: Removed temporary tablespace data file: "ibtmp1"
2024-02-19 10:11:22 0 [Note] InnoDB: Creating shared tablespace for temporary tables
2024-02-19 10:11:22 0 [Note] InnoDB: Setting file 'C:\xampp\mysql\data\ibtmp1' size to 12 MB. Physically writing the file full; Please wait ...
2024-02-19 10:11:22 0 [Note] InnoDB: File 'C:\xampp\mysql\data\ibtmp1' size is now 12 MB.
2024-02-19 10:11:22 0 [Note] InnoDB: Waiting for purge to start
2024-02-19 10:11:22 0 [Note] InnoDB: 10.4.32 started; log sequence number 324934; transaction id 248
2024-02-19 10:11:22 0 [Note] Plugin 'FEEDBACK' is disabled.
2024-02-19 10:11:22 0 [Note] InnoDB: Loading buffer pool(s) from C:\xampp\mysql\data\ib_buffer_pool
2024-02-19 10:11:22 0 [Note] InnoDB: Buffer pool(s) load completed at 240219 10:11:22
2024-02-19 10:11:22 0 [Note] Server socket created on IP: '::'.
2024-02-19 14:49:06 0 [Note] Starting MariaDB 10.4.32-MariaDB source revision c4143f909528e3fab0677a28631d10389354c491 as process 18360
2024-02-19 14:49:06 0 [Note] InnoDB: Mutexes and rw_locks use Windows interlocked functions
2024-02-19 14:49:06 0 [Note] InnoDB: Uses event mutexes
2024-02-19 14:49:06 0 [Note] InnoDB: Compressed tables use zlib 1.3
2024-02-19 14:49:06 0 [Note] InnoDB: Number of pools: 1
2024-02-19 14:49:06 0 [Note] InnoDB: Using SSE2 crc32 instructions
2024-02-19 14:49:06 0 [Note] InnoDB: Initializing buffer pool, total size = 16M, instances = 1, chunk size = 16M
2024-02-19 14:49:06 0 [Note] InnoDB: Completed initialization of buffer pool
2024-02-19 14:49:06 0 [Note] InnoDB: Starting crash recovery from checkpoint LSN=324943
2024-02-19 14:49:07 0 [Note] InnoDB: 128 out of 128 rollback segments are active.
2024-02-19 14:49:07 0 [Note] InnoDB: Removed temporary tablespace data file: "ibtmp1"
2024-02-19 14:49:07 0 [Note] InnoDB: Creating shared tablespace for temporary tables
2024-02-19 14:49:07 0 [Note] InnoDB: Setting file 'C:\xampp\mysql\data\ibtmp1' size to 12 MB. Physically writing the file full; Please wait ...
2024-02-19 14:49:07 0 [Note] InnoDB: File 'C:\xampp\mysql\data\ibtmp1' size is now 12 MB.
2024-02-19 14:49:07 0 [Note] InnoDB: Waiting for purge to start
2024-02-19 14:49:07 0 [Note] InnoDB: 10.4.32 started; log sequence number 324952; transaction id 248
2024-02-19 14:49:07 0 [Note] InnoDB: Loading buffer pool(s) from C:\xampp\mysql\data\ib_buffer_pool
2024-02-19 14:49:07 0 [Note] Plugin 'FEEDBACK' is disabled.
2024-02-19 14:49:07 0 [Note] InnoDB: Buffer pool(s) load completed at 240219 14:49:07
2024-02-19 14:49:07 0 [Note] Server socket created on IP: '::'.
2024-02-20 10:14:36 0 [Note] Starting MariaDB 10.4.32-MariaDB source revision c4143f909528e3fab0677a28631d10389354c491 as process 20540
2024-02-20 10:14:36 0 [Note] InnoDB: Mutexes and rw_locks use Windows interlocked functions
2024-02-20 10:14:36 0 [Note] InnoDB: Uses event mutexes
2024-02-20 10:14:36 0 [Note] InnoDB: Compressed tables use zlib 1.3
2024-02-20 10:14:36 0 [Note] InnoDB: Number of pools: 1
2024-02-20 10:14:36 0 [Note] InnoDB: Using SSE2 crc32 instructions
2024-02-20 10:14:36 0 [Note] InnoDB: Initializing buffer pool, total size = 16M, instances = 1, chunk size = 16M
2024-02-20 10:14:36 0 [Note] InnoDB: Completed initialization of buffer pool
2024-02-20 10:14:36 0 [Note] InnoDB: Starting crash recovery from checkpoint LSN=324961
2024-02-20 10:14:36 0 [Note] InnoDB: 128 out of 128 rollback segments are active.
2024-02-20 10:14:36 0 [Note] InnoDB: Removed temporary tablespace data file: "ibtmp1"
2024-02-20 10:14:36 0 [Note] InnoDB: Creating shared tablespace for temporary tables
2024-02-20 10:14:36 0 [Note] InnoDB: Setting file 'C:\xampp\mysql\data\ibtmp1' size to 12 MB. Physically writing the file full; Please wait ...
2024-02-20 10:14:36 0 [Note] InnoDB: File 'C:\xampp\mysql\data\ibtmp1' size is now 12 MB.
2024-02-20 10:14:36 0 [Note] InnoDB: Waiting for purge to start
2024-02-20 10:14:36 0 [Note] InnoDB: 10.4.32 started; log sequence number 324970; transaction id 248
2024-02-20 10:14:36 0 [Note] Plugin 'FEEDBACK' is disabled.
2024-02-20 10:14:36 0 [Note] InnoDB: Loading buffer pool(s) from C:\xampp\mysql\data\ib_buffer_pool
2024-02-20 10:14:36 0 [Note] InnoDB: Buffer pool(s) load completed at 240220 10:14:36
2024-02-20 10:14:36 0 [Note] Server socket created on IP: '::'.
2024-02-20 12:19:58 0 [Note] Starting MariaDB 10.4.32-MariaDB source revision c4143f909528e3fab0677a28631d10389354c491 as process 17144
2024-02-20 12:19:58 0 [Note] InnoDB: Mutexes and rw_locks use Windows interlocked functions
2024-02-20 12:19:58 0 [Note] InnoDB: Uses event mutexes
2024-02-20 12:19:58 0 [Note] InnoDB: Compressed tables use zlib 1.3
2024-02-20 12:19:58 0 [Note] InnoDB: Number of pools: 1
2024-02-20 12:19:58 0 [Note] InnoDB: Using SSE2 crc32 instructions
2024-02-20 12:19:58 0 [Note] InnoDB: Initializing buffer pool, total size = 16M, instances = 1, chunk size = 16M
2024-02-20 12:19:58 0 [Note] InnoDB: Completed initialization of buffer pool
2024-02-20 12:19:58 0 [Note] InnoDB: Starting crash recovery from checkpoint LSN=327450
2024-02-20 12:19:58 0 [Note] InnoDB: 128 out of 128 rollback segments are active.
2024-02-20 12:19:58 0 [Note] InnoDB: Removed temporary tablespace data file: "ibtmp1"
2024-02-20 12:19:58 0 [Note] InnoDB: Creating shared tablespace for temporary tables
2024-02-20 12:19:58 0 [Note] InnoDB: Setting file 'C:\xampp\mysql\data\ibtmp1' size to 12 MB. Physically writing the file full; Please wait ...
2024-02-20 12:19:58 0 [Note] InnoDB: File 'C:\xampp\mysql\data\ibtmp1' size is now 12 MB.
2024-02-20 12:19:58 0 [Note] InnoDB: Waiting for purge to start
2024-02-20 12:19:58 0 [Note] InnoDB: 10.4.32 started; log sequence number 327459; transaction id 278
2024-02-20 12:19:58 0 [Note] InnoDB: Loading buffer pool(s) from C:\xampp\mysql\data\ib_buffer_pool
2024-02-20 12:19:58 0 [Note] Plugin 'FEEDBACK' is disabled.
2024-02-20 12:19:58 0 [Note] Server socket created on IP: '::'.
2024-02-21  9:56:02 0 [Note] Starting MariaDB 10.4.32-MariaDB source revision c4143f909528e3fab0677a28631d10389354c491 as process 3904
2024-02-21  9:56:02 0 [Note] InnoDB: Mutexes and rw_locks use Windows interlocked functions
2024-02-21  9:56:02 0 [Note] InnoDB: Uses event mutexes
2024-02-21  9:56:02 0 [Note] InnoDB: Compressed tables use zlib 1.3
2024-02-21  9:56:02 0 [Note] InnoDB: Number of pools: 1
2024-02-21  9:56:02 0 [Note] InnoDB: Using SSE2 crc32 instructions
2024-02-21  9:56:02 0 [Note] InnoDB: Initializing buffer pool, total size = 16M, instances = 1, chunk size = 16M
2024-02-21  9:56:02 0 [Note] InnoDB: Completed initialization of buffer pool
2024-02-21  9:56:02 0 [Note] InnoDB: Starting crash recovery from checkpoint LSN=359783
2024-02-21  9:56:03 0 [Note] InnoDB: 128 out of 128 rollback segments are active.
2024-02-21  9:56:03 0 [Note] InnoDB: Removed temporary tablespace data file: "ibtmp1"
2024-02-21  9:56:03 0 [Note] InnoDB: Creating shared tablespace for temporary tables
2024-02-21  9:56:03 0 [Note] InnoDB: Setting file 'C:\xampp\mysql\data\ibtmp1' size to 12 MB. Physically writing the file full; Please wait ...
2024-02-21  9:56:03 0 [Note] InnoDB: File 'C:\xampp\mysql\data\ibtmp1' size is now 12 MB.
2024-02-21  9:56:03 0 [Note] InnoDB: Waiting for purge to start
2024-02-21  9:56:03 0 [Note] InnoDB: 10.4.32 started; log sequence number 359792; transaction id 392
2024-02-21  9:56:03 0 [Note] InnoDB: Loading buffer pool(s) from C:\xampp\mysql\data\ib_buffer_pool
2024-02-21  9:56:03 0 [Note] Plugin 'FEEDBACK' is disabled.
2024-02-21  9:56:03 0 [Note] InnoDB: Buffer pool(s) load completed at 240221  9:56:03
2024-02-21  9:56:03 0 [Note] Server socket created on IP: '::'.
2024-02-21 12:43:29 0 [Note] Starting MariaDB 10.4.32-MariaDB source revision c4143f909528e3fab0677a28631d10389354c491 as process 12716
2024-02-21 12:43:29 0 [Note] InnoDB: Mutexes and rw_locks use Windows interlocked functions
2024-02-21 12:43:29 0 [Note] InnoDB: Uses event mutexes
2024-02-21 12:43:29 0 [Note] InnoDB: Compressed tables use zlib 1.3
2024-02-21 12:43:29 0 [Note] InnoDB: Number of pools: 1
2024-02-21 12:43:29 0 [Note] InnoDB: Using SSE2 crc32 instructions
2024-02-21 12:43:29 0 [Note] InnoDB: Initializing buffer pool, total size = 16M, instances = 1, chunk size = 16M
2024-02-21 12:43:29 0 [Note] InnoDB: Completed initialization of buffer pool
2024-02-21 12:43:29 0 [Note] InnoDB: Starting crash recovery from checkpoint LSN=363921
2024-02-21 12:43:29 0 [Note] InnoDB: 128 out of 128 rollback segments are active.
2024-02-21 12:43:29 0 [Note] InnoDB: Removed temporary tablespace data file: "ibtmp1"
2024-02-21 12:43:29 0 [Note] InnoDB: Creating shared tablespace for temporary tables
2024-02-21 12:43:29 0 [Note] InnoDB: Setting file 'C:\xampp\mysql\data\ibtmp1' size to 12 MB. Physically writing the file full; Please wait ...
2024-02-21 12:43:29 0 [Note] InnoDB: File 'C:\xampp\mysql\data\ibtmp1' size is now 12 MB.
2024-02-21 12:43:29 0 [Note] InnoDB: Waiting for purge to start
2024-02-21 12:43:29 0 [Note] InnoDB: 10.4.32 started; log sequence number 363930; transaction id 432
2024-02-21 12:43:29 0 [Note] InnoDB: Loading buffer pool(s) from C:\xampp\mysql\data\ib_buffer_pool
2024-02-21 12:43:29 0 [Note] Plugin 'FEEDBACK' is disabled.
2024-02-21 12:43:29 0 [Note] Server socket created on IP: '::'.
2024-02-21 13:28:44 0 [Note] Starting MariaDB 10.4.32-MariaDB source revision c4143f909528e3fab0677a28631d10389354c491 as process 2520
2024-02-21 13:28:44 0 [Note] InnoDB: Mutexes and rw_locks use Windows interlocked functions
2024-02-21 13:28:44 0 [Note] InnoDB: Uses event mutexes
2024-02-21 13:28:44 0 [Note] InnoDB: Compressed tables use zlib 1.3
2024-02-21 13:28:44 0 [Note] InnoDB: Number of pools: 1
2024-02-21 13:28:44 0 [Note] InnoDB: Using SSE2 crc32 instructions
2024-02-21 13:28:44 0 [Note] InnoDB: Initializing buffer pool, total size = 16M, instances = 1, chunk size = 16M
2024-02-21 13:28:44 0 [Note] InnoDB: Completed initialization of buffer pool
2024-02-21 13:28:44 0 [Note] InnoDB: Starting crash recovery from checkpoint LSN=406296
2024-02-21 13:28:45 0 [Note] InnoDB: 128 out of 128 rollback segments are active.
2024-02-21 13:28:45 0 [Note] InnoDB: Removed temporary tablespace data file: "ibtmp1"
2024-02-21 13:28:45 0 [Note] InnoDB: Creating shared tablespace for temporary tables
2024-02-21 13:28:45 0 [Note] InnoDB: Setting file 'C:\xampp\mysql\data\ibtmp1' size to 12 MB. Physically writing the file full; Please wait ...
2024-02-21 13:28:45 0 [Note] InnoDB: File 'C:\xampp\mysql\data\ibtmp1' size is now 12 MB.
2024-02-21 13:28:45 0 [Note] InnoDB: Waiting for purge to start
2024-02-21 13:28:45 0 [Note] InnoDB: 10.4.32 started; log sequence number 406305; transaction id 556
2024-02-21 13:28:45 0 [Note] InnoDB: Loading buffer pool(s) from C:\xampp\mysql\data\ib_buffer_pool
2024-02-21 13:28:45 0 [Note] Plugin 'FEEDBACK' is disabled.
2024-02-21 13:28:45 0 [Note] Server socket created on IP: '::'.
2024-02-21 14:40:22 0 [Note] Starting MariaDB 10.4.32-MariaDB source revision c4143f909528e3fab0677a28631d10389354c491 as process 11796
2024-02-21 14:40:22 0 [Note] InnoDB: Mutexes and rw_locks use Windows interlocked functions
2024-02-21 14:40:22 0 [Note] InnoDB: Uses event mutexes
2024-02-21 14:40:22 0 [Note] InnoDB: Compressed tables use zlib 1.3
2024-02-21 14:40:22 0 [Note] InnoDB: Number of pools: 1
2024-02-21 14:40:22 0 [Note] InnoDB: Using SSE2 crc32 instructions
2024-02-21 14:40:22 0 [Note] InnoDB: Initializing buffer pool, total size = 16M, instances = 1, chunk size = 16M
2024-02-21 14:40:22 0 [Note] InnoDB: Completed initialization of buffer pool
2024-02-21 14:40:22 0 [Note] InnoDB: Starting crash recovery from checkpoint LSN=406314
2024-02-21 14:40:22 0 [Note] InnoDB: 128 out of 128 rollback segments are active.
2024-02-21 14:40:22 0 [Note] InnoDB: Removed temporary tablespace data file: "ibtmp1"
2024-02-21 14:40:22 0 [Note] InnoDB: Creating shared tablespace for temporary tables
2024-02-21 14:40:22 0 [Note] InnoDB: Setting file 'C:\xampp\mysql\data\ibtmp1' size to 12 MB. Physically writing the file full; Please wait ...
2024-02-21 14:40:22 0 [Note] InnoDB: File 'C:\xampp\mysql\data\ibtmp1' size is now 12 MB.
2024-02-21 14:40:22 0 [Note] InnoDB: Waiting for purge to start
2024-02-21 14:40:23 0 [Note] InnoDB: 10.4.32 started; log sequence number 406323; transaction id 556
2024-02-21 14:40:23 0 [Note] InnoDB: Loading buffer pool(s) from C:\xampp\mysql\data\ib_buffer_pool
2024-02-21 14:40:23 0 [Note] Plugin 'FEEDBACK' is disabled.
2024-02-21 14:40:23 0 [Note] Server socket created on IP: '::'.
2024-02-21 14:40:23 2024-02-21 16:22:24 0 [Note] Starting MariaDB 10.4.32-MariaDB source revision c4143f909528e3fab0677a28631d10389354c491 as process 12568
2024-02-21 16:22:25 0 [Note] InnoDB: Mutexes and rw_locks use Windows interlocked functions
2024-02-21 16:22:25 0 [Note] InnoDB: Uses event mutexes
2024-02-21 16:22:25 0 [Note] InnoDB: Compressed tables use zlib 1.3
2024-02-21 16:22:25 0 [Note] InnoDB: Number of pools: 1
2024-02-21 16:22:25 0 [Note] InnoDB: Using SSE2 crc32 instructions
2024-02-21 16:22:25 0 [Note] InnoDB: Initializing buffer pool, total size = 16M, instances = 1, chunk size = 16M
2024-02-21 16:22:25 0 [Note] InnoDB: Completed initialization of buffer pool
2024-02-21 16:22:25 0 [Note] InnoDB: Starting crash recovery from checkpoint LSN=411152
2024-02-21 16:22:25 0 [Note] InnoDB: 128 out of 128 rollback segments are active.
2024-02-21 16:22:25 0 [Note] InnoDB: Removed temporary tablespace data file: "ibtmp1"
2024-02-21 16:22:25 0 [Note] InnoDB: Creating shared tablespace for temporary tables
2024-02-21 16:22:25 0 [Note] InnoDB: Setting file 'C:\xampp\mysql\data\ibtmp1' size to 12 MB. Physically writing the file full; Please wait ...
2024-02-21 16:22:25 0 [Note] InnoDB: File 'C:\xampp\mysql\data\ibtmp1' size is now 12 MB.
2024-02-21 16:22:25 0 [Note] InnoDB: Waiting for purge to start
2024-02-21 16:22:25 0 [Note] InnoDB: 10.4.32 started; log sequence number 411161; transaction id 591
2024-02-21 16:22:25 0 [Note] InnoDB: Loading buffer pool(s) from C:\xampp\mysql\data\ib_buffer_pool
2024-02-21 16:22:25 0 [Note] Plugin 'FEEDBACK' is disabled.
2024-02-21 16:22:25 0 [Note] Server socket created on IP: '::'.
2024-02-21 16:48:00 0 [Note] Starting MariaDB 10.4.32-MariaDB source revision c4143f909528e3fab0677a28631d10389354c491 as process 484
2024-02-21 16:48:00 0 [Note] InnoDB: Mutexes and rw_locks use Windows interlocked functions
2024-02-21 16:48:00 0 [Note] InnoDB: Uses event mutexes
2024-02-21 16:48:00 0 [Note] InnoDB: Compressed tables use zlib 1.3
2024-02-21 16:48:00 0 [Note] InnoDB: Number of pools: 1
2024-02-21 16:48:00 0 [Note] InnoDB: Using SSE2 crc32 instructions
2024-02-21 16:48:00 0 [Note] InnoDB: Initializing buffer pool, total size = 16M, instances = 1, chunk size = 16M
2024-02-21 16:48:00 0 [Note] InnoDB: Completed initialization of buffer pool
2024-02-21 16:48:00 0 [Note] InnoDB: Starting crash recovery from checkpoint LSN=411170
2024-02-21 16:48:00 0 [Note] InnoDB: 128 out of 128 rollback segments are active.
2024-02-21 16:48:00 0 [Note] InnoDB: Removed temporary tablespace data file: "ibtmp1"
2024-02-21 16:48:00 0 [Note] InnoDB: Creating shared tablespace for temporary tables
2024-02-21 16:48:00 0 [Note] InnoDB: Setting file 'C:\xampp\mysql\data\ibtmp1' size to 12 MB. Physically writing the file full; Please wait ...
2024-02-21 16:48:00 0 [Note] InnoDB: File 'C:\xampp\mysql\data\ibtmp1' size is now 12 MB.
2024-02-21 16:48:00 0 [Note] InnoDB: Waiting for purge to start
2024-02-21 16:48:00 0 [Note] InnoDB: 10.4.32 started; log sequence number 411179; transaction id 591
2024-02-21 16:48:00 0 [Note] InnoDB: Loading buffer pool(s) from C:\xampp\mysql\data\ib_buffer_pool
2024-02-21 16:48:00 0 [Note] Plugin 'FEEDBACK' is disabled.
2024-02-21 16:48:00 0 [Note] Server socket created on IP: '::'.
2024-02-22  9:36:52 0 [Note] Starting MariaDB 10.4.32-MariaDB source revision c4143f909528e3fab0677a28631d10389354c491 as process 20400
2024-02-22  9:36:52 0 [Note] InnoDB: Mutexes and rw_locks use Windows interlocked functions
2024-02-22  9:36:52 0 [Note] InnoDB: Uses event mutexes
2024-02-22  9:36:52 0 [Note] InnoDB: Compressed tables use zlib 1.3
2024-02-22  9:36:52 0 [Note] InnoDB: Number of pools: 1
2024-02-22  9:36:52 0 [Note] InnoDB: Using SSE2 crc32 instructions
2024-02-22  9:36:52 0 [Note] InnoDB: Initializing buffer pool, total size = 16M, instances = 1, chunk size = 16M
2024-02-22  9:36:52 0 [Note] InnoDB: Completed initialization of buffer pool
2024-02-22  9:36:52 0 [Note] InnoDB: Starting crash recovery from checkpoint LSN=411188
2024-02-22  9:36:53 0 [Note] InnoDB: 128 out of 128 rollback segments are active.
2024-02-22  9:36:53 0 [Note] InnoDB: Removed temporary tablespace data file: "ibtmp1"
2024-02-22  9:36:53 0 [Note] InnoDB: Creating shared tablespace for temporary tables
2024-02-22  9:36:53 0 [Note] InnoDB: Setting file 'C:\xampp\mysql\data\ibtmp1' size to 12 MB. Physically writing the file full; Please wait ...
2024-02-22  9:36:53 0 [Note] InnoDB: File 'C:\xampp\mysql\data\ibtmp1' size is now 12 MB.
2024-02-22  9:36:53 0 [Note] InnoDB: Waiting for purge to start
2024-02-22  9:36:53 0 [Note] InnoDB: 10.4.32 started; log sequence number 411197; transaction id 591
2024-02-22  9:36:53 0 [Note] InnoDB: Loading buffer pool(s) from C:\xampp\mysql\data\ib_buffer_pool
2024-02-22  9:36:53 0 [Note] InnoDB: Buffer pool(s) load completed at 240222  9:36:53
2024-02-22  9:36:53 0 [Note] Plugin 'FEEDBACK' is disabled.
2024-02-22  9:36:54 0 [Note] Server socket created on IP: '::'.
2024-02-22 10:03:55 0 [Note] Starting MariaDB 10.4.32-MariaDB source revision c4143f909528e3fab0677a28631d10389354c491 as process 19684
2024-02-22 10:03:55 0 [Note] InnoDB: Mutexes and rw_locks use Windows interlocked functions
2024-02-22 10:03:55 0 [Note] InnoDB: Uses event mutexes
2024-02-22 10:03:55 0 [Note] InnoDB: Compressed tables use zlib 1.3
2024-02-22 10:03:55 0 [Note] InnoDB: Number of pools: 1
2024-02-22 10:03:55 0 [Note] InnoDB: Using SSE2 crc32 instructions
2024-02-22 10:03:55 0 [Note] InnoDB: Initializing buffer pool, total size = 16M, instances = 1, chunk size = 16M
2024-02-22 10:03:55 0 [Note] InnoDB: Completed initialization of buffer pool
2024-02-22 10:03:55 0 [Note] InnoDB: Starting crash recovery from checkpoint LSN=411206
2024-02-22 10:03:55 0 [Note] InnoDB: 128 out of 128 rollback segments are active.
2024-02-22 10:03:55 0 [Note] InnoDB: Removed temporary tablespace data file: "ibtmp1"
2024-02-22 10:03:55 0 [Note] InnoDB: Creating shared tablespace for temporary tables
2024-02-22 10:03:55 0 [Note] InnoDB: Setting file 'C:\xampp\mysql\data\ibtmp1' size to 12 MB. Physically writing the file full; Please wait ...
2024-02-22 10:03:55 0 [Note] InnoDB: File 'C:\xampp\mysql\data\ibtmp1' size is now 12 MB.
2024-02-22 10:03:55 0 [Note] InnoDB: Waiting for purge to start
2024-02-22 10:03:55 0 [Note] InnoDB: 10.4.32 started; log sequence number 411215; transaction id 591
2024-02-22 10:03:55 0 [Note] InnoDB: Loading buffer pool(s) from C:\xampp\mysql\data\ib_buffer_pool
2024-02-22 10:03:55 0 [Note] Plugin 'FEEDBACK' is disabled.
2024-02-22 10:03:55 0 [Note] Server socket created on IP: '::'.
2024-02-22 12:51:21 0 [Note] Starting MariaDB 10.4.32-MariaDB source revision c4143f909528e3fab0677a28631d10389354c491 as process 4812
2024-02-22 12:51:22 0 [Note] InnoDB: Mutexes and rw_locks use Windows interlocked functions
2024-02-22 12:51:22 0 [Note] InnoDB: Uses event mutexes
2024-02-22 12:51:22 0 [Note] InnoDB: Compressed tables use zlib 1.3
2024-02-22 12:51:22 0 [Note] InnoDB: Number of pools: 1
2024-02-22 12:51:22 0 [Note] InnoDB: Using SSE2 crc32 instructions
2024-02-22 12:51:22 0 [Note] InnoDB: Initializing buffer pool, total size = 16M, instances = 1, chunk size = 16M
2024-02-22 12:51:22 0 [Note] InnoDB: Completed initialization of buffer pool
2024-02-22 12:51:22 0 [Note] InnoDB: Starting crash recovery from checkpoint LSN=411224
2024-02-22 12:51:22 0 [Note] InnoDB: 128 out of 128 rollback segments are active.
2024-02-22 12:51:22 0 [Note] InnoDB: Removed temporary tablespace data file: "ibtmp1"
2024-02-22 12:51:22 0 [Note] InnoDB: Creating shared tablespace for temporary tables
2024-02-22 12:51:22 0 [Note] InnoDB: Setting file 'C:\xampp\mysql\data\ibtmp1' size to 12 MB. Physically writing the file full; Please wait ...
2024-02-22 12:51:22 0 [Note] InnoDB: File 'C:\xampp\mysql\data\ibtmp1' size is now 12 MB.
2024-02-22 12:51:22 0 [Note] InnoDB: Waiting for purge to start
2024-02-22 12:51:22 0 [Note] InnoDB: 10.4.32 started; log sequence number 411233; transaction id 591
2024-02-22 12:51:22 0 [Note] InnoDB: Loading buffer pool(s) from C:\xampp\mysql\data\ib_buffer_pool
2024-02-22 12:51:22 0 [Note] Plugin 'FEEDBACK' is disabled.
2024-02-22 12:51:22 0 [Note] Server socket created on IP: '::'.
2024-02-22 15:50:05 0 [Note] Starting MariaDB 10.4.32-MariaDB source revision c4143f909528e3fab0677a28631d10389354c491 as process 18116
2024-02-22 15:50:05 0 [Note] InnoDB: Mutexes and rw_locks use Windows interlocked functions
2024-02-22 15:50:05 0 [Note] InnoDB: Uses event mutexes
2024-02-22 15:50:05 0 [Note] InnoDB: Compressed tables use zlib 1.3
2024-02-22 15:50:05 0 [Note] InnoDB: Number of pools: 1
2024-02-22 15:50:05 0 [Note] InnoDB: Using SSE2 crc32 instructions
2024-02-22 15:50:05 0 [Note] InnoDB: Initializing buffer pool, total size = 16M, instances = 1, chunk size = 16M
2024-02-22 15:50:05 0 [Note] InnoDB: Completed initialization of buffer pool
2024-02-22 15:50:05 0 [Note] InnoDB: Starting crash recovery from checkpoint LSN=433545
2024-02-22 15:50:05 0 [Note] InnoDB: 128 out of 128 rollback segments are active.
2024-02-22 15:50:05 0 [Note] InnoDB: Removed temporary tablespace data file: "ibtmp1"
2024-02-22 15:50:05 0 [Note] InnoDB: Creating shared tablespace for temporary tables
2024-02-22 15:50:05 0 [Note] InnoDB: Setting file 'C:\xampp\mysql\data\ibtmp1' size to 12 MB. Physically writing the file full; Please wait ...
2024-02-22 15:50:05 0 [Note] InnoDB: File 'C:\xampp\mysql\data\ibtmp1' size is now 12 MB.
2024-02-22 15:50:05 0 [Note] InnoDB: Waiting for purge to start
2024-02-22 15:50:05 0 [Note] InnoDB: 10.4.32 started; log sequence number 433554; transaction id 685
2024-02-22 15:50:05 0 [Note] InnoDB: Loading buffer pool(s) from C:\xampp\mysql\data\ib_buffer_pool
2024-02-22 15:50:05 0 [Note] Plugin 'FEEDBACK' is disabled.
2024-02-22 15:50:05 0 [Note] Server socket created on IP: '::'.
2024-04-09 13:44:56 0 [Note] Starting MariaDB 10.4.32-MariaDB source revision c4143f909528e3fab0677a28631d10389354c491 as process 15692
2024-04-09 13:44:56 0 [Note] InnoDB: Mutexes and rw_locks use Windows interlocked functions
2024-04-09 13:44:56 0 [Note] InnoDB: Uses event mutexes
2024-04-09 13:44:56 0 [Note] InnoDB: Compressed tables use zlib 1.3
2024-04-09 13:44:56 0 [Note] InnoDB: Number of pools: 1
2024-04-09 13:44:56 0 [Note] InnoDB: Using SSE2 crc32 instructions
2024-04-09 13:44:56 0 [Note] InnoDB: Initializing buffer pool, total size = 16M, instances = 1, chunk size = 16M
2024-04-09 13:44:56 0 [Note] InnoDB: Completed initialization of buffer pool
2024-04-09 13:44:56 0 [Note] InnoDB: Starting crash recovery from checkpoint LSN=437131
2024-04-09 13:44:56 0 [Note] InnoDB: 128 out of 128 rollback segments are active.
2024-04-09 13:44:56 0 [Note] InnoDB: Removed temporary tablespace data file: "ibtmp1"
2024-04-09 13:44:56 0 [Note] InnoDB: Creating shared tablespace for temporary tables
2024-04-09 13:44:56 0 [Note] InnoDB: Setting file 'C:\xamppasdasd\mysql\data\ibtmp1' size to 12 MB. Physically writing the file full; Please wait ...
2024-04-09 13:44:56 0 [Note] InnoDB: File 'C:\xamppasdasd\mysql\data\ibtmp1' size is now 12 MB.
2024-04-09 13:44:56 0 [Note] InnoDB: Waiting for purge to start
2024-04-09 13:44:56 0 [Note] InnoDB: 10.4.32 started; log sequence number 437140; transaction id 731
2024-04-09 13:44:56 0 [Note] Plugin 'FEEDBACK' is disabled.
2024-04-09 13:44:56 0 [Note] InnoDB: Loading buffer pool(s) from C:\xamppasdasd\mysql\data\ib_buffer_pool
2024-04-09 13:44:56 0 [Note] InnoDB: Buffer pool(s) load completed at 240409 13:44:56
2024-04-09 13:44:56 0 [Note] Server socket created on IP: '::'.
